Using pre-set license
Built from '2020.3/staging' branch; Version is '2020.3.20f1 (41c4e627c95f) revision 4310246'; Using compiler version '192528614'; Build Type 'Release'
OS: 'Windows 10 Home Single Language; OS build 22000.376; Version 2009; 64bit' Language: 'en' Physical Memory: 6081 MB
BatchMode: 1, IsHumanControllingUs: 0, StartBugReporterOnCrash: 0, Is64bit: 1, IsPro: 0

COMMAND LINE ARGUMENTS:
C:\Unity Editor\2020.3.20f1\Editor\Unity.exe
-adb2
-batchMode
-noUpm
-name
AssetImportWorker0
-projectPath
E:/_Kuliah/_semester5/Android/IRGL_2022/IRGL2022
-logFile
Logs/AssetImportWorker0.log
-srvPort
51478
Successfully changed project path to: E:/_Kuliah/_semester5/Android/IRGL_2022/IRGL2022
E:/_Kuliah/_semester5/Android/IRGL_2022/IRGL2022
Using Asset Import Pipeline V2.
Refreshing native plugins compatible for Editor in 129.78 ms, found 2 plugins.
Preloading 0 native plugins for Editor in 0.00 ms.
Initialize engine version: 2020.3.20f1 (41c4e627c95f)
[Subsystems] Discovering subsystems at path C:/Unity Editor/2020.3.20f1/Editor/Data/Resources/UnitySubsystems
[Subsystems] Discovering subsystems at path E:/_Kuliah/_semester5/Android/IRGL_2022/IRGL2022/Assets
GfxDevice: creating device client; threaded=0
Direct3D:
    Version:  Direct3D 11.0 [level 11.1]
    Renderer: NVIDIA GeForce GTX 1050 (ID=0x1c91)
    Vendor:   
    VRAM:     2996 MB
    Driver:   30.0.14.9613
Initialize mono
Mono path[0] = 'C:/Unity Editor/2020.3.20f1/Editor/Data/Managed'
Mono path[1] = 'C:/Unity Editor/2020.3.20f1/Editor/Data/MonoBleedingEdge/lib/mono/unityjit'
Mono config path = 'C:/Unity Editor/2020.3.20f1/Editor/Data/MonoBleedingEdge/etc'
Using monoOptions --debugger-agent=transport=dt_socket,embedding=1,server=y,suspend=n,address=127.0.0.1:56512
Begin MonoManager ReloadAssembly
Registering precompiled unity dll's ...
Register platform support module: C:/Unity Editor/2020.3.20f1/Editor/Data/PlaybackEngines/WebGLSupport/UnityEditor.WebGL.Extensions.dll
Register platform support module: C:/Unity Editor/2020.3.20f1/Editor/Data/PlaybackEngines/WindowsStandaloneSupport/UnityEditor.WindowsStandalone.Extensions.dll
Registered in 0.001719 seconds.
Native extension for WindowsStandalone target not found
Native extension for WebGL target not found
Refreshing native plugins compatible for Editor in 119.51 ms, found 2 plugins.
Preloading 0 native plugins for Editor in 0.00 ms.
Mono: successfully reloaded assembly
- Completed reload, in  2.760 seconds
Domain Reload Profiling:
	ReloadAssembly (2761ms)
		BeginReloadAssembly (70ms)
			ExecutionOrderSort (0ms)
			DisableScriptedObjects (0ms)
			BackupInstance (0ms)
			ReleaseScriptingObjects (0ms)
			CreateAndSetChildDomain (1ms)
		EndReloadAssembly (756ms)
			LoadAssemblies (69ms)
			RebuildTransferFunctionScriptingTraits (0ms)
			SetupTypeCache (185ms)
			ReleaseScriptCaches (0ms)
			RebuildScriptCaches (37ms)
			SetupLoadedEditorAssemblies (399ms)
				LogAssemblyErrors (0ms)
				InitializePlatformSupportModulesInManaged (7ms)
				SetLoadedEditorAssemblies (0ms)
				RefreshPlugins (120ms)
				BeforeProcessingInitializeOnLoad (22ms)
				ProcessInitializeOnLoadAttributes (101ms)
				ProcessInitializeOnLoadMethodAttributes (148ms)
				AfterProcessingInitializeOnLoad (0ms)
				EditorAssembliesLoaded (0ms)
			ExecutionOrderSort2 (0ms)
			AwakeInstancesAfterBackupRestoration (0ms)
Platform modules already initialized, skipping
Registering precompiled user dll's ...
Registered in 0.029188 seconds.
Begin MonoManager ReloadAssembly
Native extension for WindowsStandalone target not found
Native extension for WebGL target not found
Refreshing native plugins compatible for Editor in 115.48 ms, found 2 plugins.
Preloading 0 native plugins for Editor in 0.00 ms.
Mono: successfully reloaded assembly
- Completed reload, in  1.819 seconds
Domain Reload Profiling:
	ReloadAssembly (1820ms)
		BeginReloadAssembly (191ms)
			ExecutionOrderSort (0ms)
			DisableScriptedObjects (7ms)
			BackupInstance (0ms)
			ReleaseScriptingObjects (0ms)
			CreateAndSetChildDomain (25ms)
		EndReloadAssembly (1549ms)
			LoadAssemblies (147ms)
			RebuildTransferFunctionScriptingTraits (0ms)
			SetupTypeCache (467ms)
			ReleaseScriptCaches (1ms)
			RebuildScriptCaches (93ms)
			SetupLoadedEditorAssemblies (701ms)
				LogAssemblyErrors (0ms)
				InitializePlatformSupportModulesInManaged (7ms)
				SetLoadedEditorAssemblies (0ms)
				RefreshPlugins (116ms)
				BeforeProcessingInitializeOnLoad (133ms)
				ProcessInitializeOnLoadAttributes (426ms)
				ProcessInitializeOnLoadMethodAttributes (14ms)
				AfterProcessingInitializeOnLoad (5ms)
				EditorAssembliesLoaded (0ms)
			ExecutionOrderSort2 (0ms)
			AwakeInstancesAfterBackupRestoration (10ms)
Platform modules already initialized, skipping
========================================================================
Worker process is ready to serve import requests
Launched and connected shader compiler UnityShaderCompiler.exe after 0.11 seconds
Refreshing native plugins compatible for Editor in 1.42 ms, found 2 plugins.
Preloading 0 native plugins for Editor in 0.00 ms.
Unloading 4030 Unused Serialized files (Serialized files now loaded: 0)
System memory in use before: 172.0 MB.
System memory in use after: 172.2 MB.

Unloading 29 unused Assets to reduce memory usage. Loaded Objects now: 4470.
Total: 6.626200 ms (FindLiveObjects: 0.586400 ms CreateObjectMapping: 0.134500 ms MarkObjects: 5.679900 ms  DeleteObjects: 0.223500 ms)

AssetImportParameters requested are different than current active one (requested -> active):
  custom:framework-win-MediaFoundation: 216162199b28c13a410421893ffa2e32 -> 
  custom:video-decoder-ogg-theora: a1e56fd34408186e4bbccfd4996cb3dc -> 
  custom:container-muxer-webm: aa71ff27fc2769a1b78a27578f13a17b -> 
  custom:container-demuxer-webm: 4f35f7cbe854078d1ac9338744f61a02 -> 
  custom:container-demuxer-ogg: 62fdf1f143b41e24485cea50d1cbac27 -> 
  custom:video-encoder-webm-vp8: eb34c28f22e8b96e1ab97ce403110664 -> 
  custom:video-decoder-webm-vp8: 9c59270c3fd7afecdb556c50c9e8de78 -> 
  custom:audio-decoder-ogg-vorbis: bf7c407c2cedff20999df2af8eb42d56 -> 
  custom:audio-encoder-webm-vorbis: bf7c407c2cedff20999df2af8eb42d56 -> 
========================================================================
Received Import Request.
  path: Assets/ModAssets/Textures/billboard_2D_basic.png
  artifactKey: Guid(6448011b459a14b05969ad3bf1a44890) Importer(815301076,1909f56bfc062723c751e8b465ee728b)
Start importing Assets/ModAssets/Textures/billboard_2D_basic.png using Guid(6448011b459a14b05969ad3bf1a44890) Importer(815301076,1909f56bfc062723c751e8b465ee728b)  -> (artifact id: '17cda9db25abd2463d12a6050253ef14') in 0.170216 seconds 
  Import took 0.247532 seconds .

========================================================================
Received Import Request.
  Time since last request: 0.000777 seconds.
  path: Assets/rpg-tutorial-assets/Sprites/Placeholder01.png
  artifactKey: Guid(ae696dccc9c447f489d15857b16d42ee) Importer(815301076,1909f56bfc062723c751e8b465ee728b)
Start importing Assets/rpg-tutorial-assets/Sprites/Placeholder01.png using Guid(ae696dccc9c447f489d15857b16d42ee) Importer(815301076,1909f56bfc062723c751e8b465ee728b)  -> (artifact id: '64f1454f823983dff5c6898d03d48b7c') in 0.041299 seconds 
  Import took 0.241102 seconds .

========================================================================
Received Import Request.
  Time since last request: 0.000528 seconds.
  path: Assets/FPS/Art/Textures/UI/HUD_KeyScroll_Icon.png
  artifactKey: Guid(de218ea61675c9d4b9e7685a9b77398d) Importer(815301076,1909f56bfc062723c751e8b465ee728b)
Start importing Assets/FPS/Art/Textures/UI/HUD_KeyScroll_Icon.png using Guid(de218ea61675c9d4b9e7685a9b77398d) Importer(815301076,1909f56bfc062723c751e8b465ee728b)  -> (artifact id: 'cdc72a1efcfbc11170533688198fb23d') in 0.069727 seconds 
  Import took 0.137592 seconds .

========================================================================
Received Import Request.
  Time since last request: 0.000597 seconds.
  path: Assets/Combat Knifes/knife2c.tif
  artifactKey: Guid(cd2fae02f3ce29743bcb44d5752c227b) Importer(815301076,1909f56bfc062723c751e8b465ee728b)
Start importing Assets/Combat Knifes/knife2c.tif using Guid(cd2fae02f3ce29743bcb44d5752c227b) Importer(815301076,1909f56bfc062723c751e8b465ee728b)  -> (artifact id: '0dbaabcfc233faeb377d5c9a0561f4fd') in 0.101952 seconds 
  Import took 0.178911 seconds .

========================================================================
Received Import Request.
  Time since last request: 0.000395 seconds.
  path: Assets/FPS/Art/Textures/UI/Stance_Stand_Icon.png
  artifactKey: Guid(52709b32aa114154aa3f42f22d4d225c) Importer(815301076,1909f56bfc062723c751e8b465ee728b)
Start importing Assets/FPS/Art/Textures/UI/Stance_Stand_Icon.png using Guid(52709b32aa114154aa3f42f22d4d225c) Importer(815301076,1909f56bfc062723c751e8b465ee728b)  -> (artifact id: 'feeb42d12349411cd0184cd1ff031e91') in 0.060072 seconds 
  Import took 0.077437 seconds .

========================================================================
Received Import Request.
  Time since last request: 0.000356 seconds.
  path: Assets/EffectExamples/WeaponEffects/Textures/TinyStonesParticleSheet.png
  artifactKey: Guid(ce97ed62c0a56e84ab25e22c8dfd5bca) Importer(815301076,1909f56bfc062723c751e8b465ee728b)
Start importing Assets/EffectExamples/WeaponEffects/Textures/TinyStonesParticleSheet.png using Guid(ce97ed62c0a56e84ab25e22c8dfd5bca) Importer(815301076,1909f56bfc062723c751e8b465ee728b)  -> (artifact id: '4101f8ed63e13e7c59896ebe3d1af973') in 0.137600 seconds 
  Import took 0.195100 seconds .

========================================================================
Received Import Request.
  Time since last request: 0.000293 seconds.
  path: Assets/FPS/Art/Textures/UI/Radar_Enemy_Icon.png
  artifactKey: Guid(f960e1e0f9c28f346bcff536efd27f78) Importer(815301076,1909f56bfc062723c751e8b465ee728b)
Start importing Assets/FPS/Art/Textures/UI/Radar_Enemy_Icon.png using Guid(f960e1e0f9c28f346bcff536efd27f78) Importer(815301076,1909f56bfc062723c751e8b465ee728b)  -> (artifact id: '8e69c34e985b0b04d60b1d7dc6d4a6ff') in 0.015551 seconds 
  Import took 0.053609 seconds .

========================================================================
Received Import Request.
  Time since last request: 0.000290 seconds.
  path: Assets/Combat Knifes/knife2c_Specular.tif
  artifactKey: Guid(b7ba1549ef15fd34eb58f1ee2bdd4509) Importer(815301076,1909f56bfc062723c751e8b465ee728b)
Start importing Assets/Combat Knifes/knife2c_Specular.tif using Guid(b7ba1549ef15fd34eb58f1ee2bdd4509) Importer(815301076,1909f56bfc062723c751e8b465ee728b)  -> (artifact id: 'e3d135820ef1ad1d20b9fe9f63dccc60') in 0.104186 seconds 
  Import took 0.211151 seconds .

========================================================================
Received Import Request.
  Time since last request: 0.000303 seconds.
  path: Assets/Photon/PhotonUnityNetworking/Icons/PunIconApp512.png
  artifactKey: Guid(7377013011b4c3348809ff574abe799e) Importer(815301076,1909f56bfc062723c751e8b465ee728b)
Start importing Assets/Photon/PhotonUnityNetworking/Icons/PunIconApp512.png using Guid(7377013011b4c3348809ff574abe799e) Importer(815301076,1909f56bfc062723c751e8b465ee728b)  -> (artifact id: 'a59ad458e3156bd67a04a27390771536') in 0.078529 seconds 
  Import took 0.125100 seconds .

========================================================================
Received Import Request.
  Time since last request: 0.000291 seconds.
  path: Assets/FPS/Art/Textures/UI/CloseBtn_Icon.png
  artifactKey: Guid(2883dea87a05ddc4489db71bdbf6a412) Importer(815301076,1909f56bfc062723c751e8b465ee728b)
Start importing Assets/FPS/Art/Textures/UI/CloseBtn_Icon.png using Guid(2883dea87a05ddc4489db71bdbf6a412) Importer(815301076,1909f56bfc062723c751e8b465ee728b)  -> (artifact id: 'ab9732094dd9f6ac0112487906bacd62') in 0.047317 seconds 
  Import took 0.105394 seconds .

========================================================================
Received Import Request.
  Time since last request: 0.000465 seconds.
  path: Assets/Photon/PhotonUnityNetworking/Icons/PunIconApp32.png
  artifactKey: Guid(436c5e63723127948af8857e903f658a) Importer(815301076,1909f56bfc062723c751e8b465ee728b)
Start importing Assets/Photon/PhotonUnityNetworking/Icons/PunIconApp32.png using Guid(436c5e63723127948af8857e903f658a) Importer(815301076,1909f56bfc062723c751e8b465ee728b)  -> (artifact id: 'e718399f4de823bf0085026a515c3d51') in 0.076987 seconds 
  Import took 0.108585 seconds .

========================================================================
Received Import Request.
  Time since last request: 0.000368 seconds.
  path: Assets/Photon/PhotonUnityNetworking/Icons/PunIconApp48.png
  artifactKey: Guid(44ebd8e6f42cae445ab4b22f0a9b48a0) Importer(815301076,1909f56bfc062723c751e8b465ee728b)
Start importing Assets/Photon/PhotonUnityNetworking/Icons/PunIconApp48.png using Guid(44ebd8e6f42cae445ab4b22f0a9b48a0) Importer(815301076,1909f56bfc062723c751e8b465ee728b)  -> (artifact id: 'bda8ee345b57dfcb7d489f8e932918ad') in 0.060041 seconds 
  Import took 0.086590 seconds .

========================================================================
Received Import Request.
  Time since last request: 0.000394 seconds.
  path: Assets/ModAssets/Textures/billboard_2D_tall_mask.png
  artifactKey: Guid(bbe8d33a81a0549ce8ab1cee4aa7db2a) Importer(815301076,1909f56bfc062723c751e8b465ee728b)
Start importing Assets/ModAssets/Textures/billboard_2D_tall_mask.png using Guid(bbe8d33a81a0549ce8ab1cee4aa7db2a) Importer(815301076,1909f56bfc062723c751e8b465ee728b)  -> (artifact id: '0aa29dea7d40b0a16aff41d5da4e421d') in 0.101569 seconds 
  Import took 0.168975 seconds .

========================================================================
Received Import Request.
  Time since last request: 0.000368 seconds.
  path: Assets/FPS/Art/Textures/UI/Stance_Crouch_Icon.png
  artifactKey: Guid(d9b0340e45d66d64199b8219686bb5c5) Importer(815301076,1909f56bfc062723c751e8b465ee728b)
Start importing Assets/FPS/Art/Textures/UI/Stance_Crouch_Icon.png using Guid(d9b0340e45d66d64199b8219686bb5c5) Importer(815301076,1909f56bfc062723c751e8b465ee728b)  -> (artifact id: 'b42aa29cdea970d92ab70d15877213c0') in 0.051381 seconds 
  Import took 0.088825 seconds .

========================================================================
Received Import Request.
  Time since last request: 0.000300 seconds.
  path: Assets/FPS/Art/Textures/UI/HUD_Weapon02.png
  artifactKey: Guid(8cbb10368086f014a8b7fc8932e7f436) Importer(815301076,1909f56bfc062723c751e8b465ee728b)
Start importing Assets/FPS/Art/Textures/UI/HUD_Weapon02.png using Guid(8cbb10368086f014a8b7fc8932e7f436) Importer(815301076,1909f56bfc062723c751e8b465ee728b)  -> (artifact id: '3d17a793defa73c00d1aba38dc4afb74') in 0.075771 seconds 
  Import took 0.141766 seconds .

========================================================================
Received Import Request.
  Time since last request: 0.000342 seconds.
  path: Assets/Photon/PhotonUnityNetworking/Demos/DemoHub/Sprites/PunIcon-White-129.png
  artifactKey: Guid(56bbc6b42271d4177ac313247f47ac1f) Importer(815301076,1909f56bfc062723c751e8b465ee728b)
Start importing Assets/Photon/PhotonUnityNetworking/Demos/DemoHub/Sprites/PunIcon-White-129.png using Guid(56bbc6b42271d4177ac313247f47ac1f) Importer(815301076,1909f56bfc062723c751e8b465ee728b)  -> (artifact id: '8476055e16818ad605a25e3ee37f4084') in 0.077552 seconds 
  Import took 0.164428 seconds .

========================================================================
Received Import Request.
  Time since last request: 0.000516 seconds.
  path: Assets/Photon/PhotonUnityNetworking/Demos/Shared Assets/Skin/DropDown CheckMark.png
  artifactKey: Guid(fd47c8b4ebfbd4339858d4d23f587519) Importer(815301076,1909f56bfc062723c751e8b465ee728b)
Start importing Assets/Photon/PhotonUnityNetworking/Demos/Shared Assets/Skin/DropDown CheckMark.png using Guid(fd47c8b4ebfbd4339858d4d23f587519) Importer(815301076,1909f56bfc062723c751e8b465ee728b)  -> (artifact id: 'd47e98dd23e37f76a444e9c6ad4bab7d') in 0.073937 seconds 
  Import took 0.102546 seconds .

========================================================================
Received Import Request.
  Time since last request: 0.000357 seconds.
  path: Assets/ModAssets/Textures/billboard_2D_tall.png
  artifactKey: Guid(50b2c32ff3de94988a61633cb19060de) Importer(815301076,1909f56bfc062723c751e8b465ee728b)
Start importing Assets/ModAssets/Textures/billboard_2D_tall.png using Guid(50b2c32ff3de94988a61633cb19060de) Importer(815301076,1909f56bfc062723c751e8b465ee728b)  -> (artifact id: 'c5e5b6871d33c53149f1868bde035742') in 0.085423 seconds 
  Import took 0.129785 seconds .

========================================================================
Received Import Request.
  Time since last request: 0.000315 seconds.
  path: Assets/Combat Knifes/knife3b.FBX
  artifactKey: Guid(0ac765b7dd91b9649a916f0d711c4573) Importer(815301076,1909f56bfc062723c751e8b465ee728b)
Start importing Assets/Combat Knifes/knife3b.FBX using Guid(0ac765b7dd91b9649a916f0d711c4573) Importer(815301076,1909f56bfc062723c751e8b465ee728b)  -> (artifact id: '67a2703948d0f9e63fd7d261f9a97506') in 0.340165 seconds 
  Import took 0.352869 seconds .

========================================================================
Received Import Request.
  Time since last request: 0.000513 seconds.
  path: Assets/FPS/Art/Textures/Backgrounds/Unity_skyboxBG01.png
  artifactKey: Guid(703ee319755f5a54db307a6a3aa88b73) Importer(815301076,1909f56bfc062723c751e8b465ee728b)
Start importing Assets/FPS/Art/Textures/Backgrounds/Unity_skyboxBG01.png using Guid(703ee319755f5a54db307a6a3aa88b73) Importer(815301076,1909f56bfc062723c751e8b465ee728b)  -> (artifact id: '26f71218af7e5131a1d6825c6700b1c2') in 0.091870 seconds 
  Import took 0.157673 seconds .

========================================================================
Received Import Request.
  Time since last request: 0.000406 seconds.
  path: Assets/ModAssets/Textures/billboard_2D_wide.png
  artifactKey: Guid(3142e986a20354e5c9b3394e5ff7ae12) Importer(815301076,1909f56bfc062723c751e8b465ee728b)
Start importing Assets/ModAssets/Textures/billboard_2D_wide.png using Guid(3142e986a20354e5c9b3394e5ff7ae12) Importer(815301076,1909f56bfc062723c751e8b465ee728b)  -> (artifact id: 'e37fa58982d073564fdf108624b5b2d1') in 0.048625 seconds 
  Import took 0.147335 seconds .

========================================================================
Received Import Request.
  Time since last request: 0.000294 seconds.
  path: Assets/FPS/Art/Textures/UI/HUD_Jetpack_Icon.png
  artifactKey: Guid(d329fd11893b4ee42b624f01d3131680) Importer(815301076,1909f56bfc062723c751e8b465ee728b)
Start importing Assets/FPS/Art/Textures/UI/HUD_Jetpack_Icon.png using Guid(d329fd11893b4ee42b624f01d3131680) Importer(815301076,1909f56bfc062723c751e8b465ee728b)  -> (artifact id: 'b6e8cf401057b832a2a7e0344f803ffe') in 0.063728 seconds 
  Import took 0.160669 seconds .

========================================================================
Received Import Request.
  Time since last request: 0.000408 seconds.
  path: Assets/FPS/Art/Textures/UI/HUD_Weapon01.png
  artifactKey: Guid(cab1398a10b307b44b0ffeb0eef23254) Importer(815301076,1909f56bfc062723c751e8b465ee728b)
Start importing Assets/FPS/Art/Textures/UI/HUD_Weapon01.png using Guid(cab1398a10b307b44b0ffeb0eef23254) Importer(815301076,1909f56bfc062723c751e8b465ee728b)  -> (artifact id: 'adc1c974597941f0ce05a1ecc777ad1a') in 0.047474 seconds 
  Import took 0.085839 seconds .

========================================================================
Received Import Request.
  Time since last request: 0.000488 seconds.
  path: Assets/FPS/Art/Textures/UI/Stance_Sprint_Icon.png
  artifactKey: Guid(2ab14a66f580d964c949c600a99c3087) Importer(815301076,1909f56bfc062723c751e8b465ee728b)
Start importing Assets/FPS/Art/Textures/UI/Stance_Sprint_Icon.png using Guid(2ab14a66f580d964c949c600a99c3087) Importer(815301076,1909f56bfc062723c751e8b465ee728b)  -> (artifact id: '371d4e2794ed55369f6f6e39b57b97e3') in 0.056618 seconds 
  Import took 0.107923 seconds .

========================================================================
Received Import Request.
  Time since last request: 0.000547 seconds.
  path: Assets/Photon/PhotonUnityNetworking/Icons/PunIcon-128.png
  artifactKey: Guid(bd293dc32f4aaf94e8274f2fac2cdf89) Importer(815301076,1909f56bfc062723c751e8b465ee728b)
Start importing Assets/Photon/PhotonUnityNetworking/Icons/PunIcon-128.png using Guid(bd293dc32f4aaf94e8274f2fac2cdf89) Importer(815301076,1909f56bfc062723c751e8b465ee728b)  -> (artifact id: 'a18f2b6e2ae5b77c8261610ab756829c') in 0.037198 seconds 
  Import took 0.069808 seconds .

========================================================================
Received Import Request.
  Time since last request: 0.000354 seconds.
  path: Assets/Photon/PhotonUnityNetworking/Demos/DemoHub/Sprites/Gradient.png
  artifactKey: Guid(66efb24ed46044ab8a039599cbc47d7b) Importer(815301076,1909f56bfc062723c751e8b465ee728b)
Start importing Assets/Photon/PhotonUnityNetworking/Demos/DemoHub/Sprites/Gradient.png using Guid(66efb24ed46044ab8a039599cbc47d7b) Importer(815301076,1909f56bfc062723c751e8b465ee728b)  -> (artifact id: '779306568b7ef6ef352bed183efd0e0f') in 0.072883 seconds 
  Import took 0.133392 seconds .

========================================================================
Received Import Request.
  Time since last request: 0.000376 seconds.
  path: Assets/FPS/Art/Textures/UI/Notification_Enemy_Icon.png
  artifactKey: Guid(f508c28b9e2b993418fa54db9c535ae9) Importer(815301076,1909f56bfc062723c751e8b465ee728b)
Start importing Assets/FPS/Art/Textures/UI/Notification_Enemy_Icon.png using Guid(f508c28b9e2b993418fa54db9c535ae9) Importer(815301076,1909f56bfc062723c751e8b465ee728b)  -> (artifact id: '4dd64311b7523d6584dbac018c782992') in 0.038331 seconds 
  Import took 0.091288 seconds .

========================================================================
Received Import Request.
  Time since last request: 0.000319 seconds.
  path: Assets/FPS/Art/Textures/UI/HUD_Weapon03.png
  artifactKey: Guid(3c187e19c32c13542ba8a0c1a3a88ece) Importer(815301076,1909f56bfc062723c751e8b465ee728b)
Start importing Assets/FPS/Art/Textures/UI/HUD_Weapon03.png using Guid(3c187e19c32c13542ba8a0c1a3a88ece) Importer(815301076,1909f56bfc062723c751e8b465ee728b)  -> (artifact id: 'ca745a0fafe62d9cf9572f7892b59858') in 0.052569 seconds 
  Import took 0.097535 seconds .

========================================================================
Received Import Request.
  Time since last request: 0.000362 seconds.
  path: Assets/FPS/Art/Textures/Backgrounds/Unity_skyboxBG02.png
  artifactKey: Guid(91c91768bbde1d24da879a8907f0edd5) Importer(815301076,1909f56bfc062723c751e8b465ee728b)
Start importing Assets/FPS/Art/Textures/Backgrounds/Unity_skyboxBG02.png using Guid(91c91768bbde1d24da879a8907f0edd5) Importer(815301076,1909f56bfc062723c751e8b465ee728b)  -> (artifact id: '5dd8362f8cf1a4a40b5c054001c5ebbc') in 0.083253 seconds 
  Import took 0.122611 seconds .

========================================================================
Received Import Request.
  Time since last request: 0.000428 seconds.
  path: Assets/StarterAssets/Mobile/UI/UI_Icon_Look.png
  artifactKey: Guid(af0ae2dbf3d1efb4f82af377950704a2) Importer(815301076,1909f56bfc062723c751e8b465ee728b)
Start importing Assets/StarterAssets/Mobile/UI/UI_Icon_Look.png using Guid(af0ae2dbf3d1efb4f82af377950704a2) Importer(815301076,1909f56bfc062723c751e8b465ee728b)  -> (artifact id: '48071a7351320940fedd3192b4c751b3') in 0.273675 seconds 
  Import took 0.500202 seconds .

========================================================================
Received Import Request.
  Time since last request: 0.000365 seconds.
  path: Assets/FPS/Art/Textures/UI/Crosshair_Shotgun_Circle.png
  artifactKey: Guid(2962952d6e5ae7342a298d45a3945069) Importer(815301076,1909f56bfc062723c751e8b465ee728b)
Start importing Assets/FPS/Art/Textures/UI/Crosshair_Shotgun_Circle.png using Guid(2962952d6e5ae7342a298d45a3945069) Importer(815301076,1909f56bfc062723c751e8b465ee728b)  -> (artifact id: '1b15934b4fc30095bcf829ea5c80dccf') in 0.082646 seconds 
  Import took 0.223200 seconds .

========================================================================
Received Import Request.
  Time since last request: 0.000312 seconds.
  path: Assets/Photon/PhotonUnityNetworking/Demos/DemoHub/Sprites/toHub.png
  artifactKey: Guid(9587663c4d27e47b19a118aabaac4a08) Importer(815301076,1909f56bfc062723c751e8b465ee728b)
Start importing Assets/Photon/PhotonUnityNetworking/Demos/DemoHub/Sprites/toHub.png using Guid(9587663c4d27e47b19a118aabaac4a08) Importer(815301076,1909f56bfc062723c751e8b465ee728b)  -> (artifact id: 'f1d93a280b05fcc709d3d2956db8eb2e') in 0.072404 seconds 
  Import took 0.123716 seconds .

========================================================================
Received Import Request.
  Time since last request: 0.000282 seconds.
  path: Assets/FPS/Art/Textures/UI/Crosshair_Blaster_Center.png
  artifactKey: Guid(2b5b80f3ebc88174a8c662e280fdb09c) Importer(815301076,1909f56bfc062723c751e8b465ee728b)
Start importing Assets/FPS/Art/Textures/UI/Crosshair_Blaster_Center.png using Guid(2b5b80f3ebc88174a8c662e280fdb09c) Importer(815301076,1909f56bfc062723c751e8b465ee728b)  -> (artifact id: 'bcaf2d1eadf6c4926b01ebf54782ea38') in 0.035199 seconds 
  Import took 0.072384 seconds .

========================================================================
Received Import Request.
  Time since last request: 0.000409 seconds.
  path: Assets/StarterAssets/Mobile/UI/UI_Circle_Bevel_Base.png
  artifactKey: Guid(b74c31d447d2f5d41a61081bdf5e7126) Importer(815301076,1909f56bfc062723c751e8b465ee728b)
Start importing Assets/StarterAssets/Mobile/UI/UI_Circle_Bevel_Base.png using Guid(b74c31d447d2f5d41a61081bdf5e7126) Importer(815301076,1909f56bfc062723c751e8b465ee728b)  -> (artifact id: '0d0408761044117a7bf31422b4ac01b9') in 0.171558 seconds 
  Import took 0.253606 seconds .

========================================================================
Received Import Request.
  Time since last request: 0.000417 seconds.
  path: Assets/FPS/Art/Textures/UI/Crosshair_Hexa.png
  artifactKey: Guid(e881aa18189b12f4e915fc5b14ddc421) Importer(815301076,1909f56bfc062723c751e8b465ee728b)
Start importing Assets/FPS/Art/Textures/UI/Crosshair_Hexa.png using Guid(e881aa18189b12f4e915fc5b14ddc421) Importer(815301076,1909f56bfc062723c751e8b465ee728b)  -> (artifact id: 'e2a18bee932afa70ddfbd1695fb8d2f5') in 0.086685 seconds 
  Import took 0.094440 seconds .

========================================================================
Received Import Request.
  Time since last request: 0.000346 seconds.
  path: Assets/rpg-tutorial-assets
  artifactKey: Guid(f9d496c43c52d1f42a32681fb25af768) Importer(815301076,1909f56bfc062723c751e8b465ee728b)
Start importing Assets/rpg-tutorial-assets using Guid(f9d496c43c52d1f42a32681fb25af768) Importer(815301076,1909f56bfc062723c751e8b465ee728b)  -> (artifact id: 'e731ed18b6132c23fe9c6995c293e120') in 0.001687 seconds 
  Import took 0.009501 seconds .

========================================================================
Received Import Request.
  Time since last request: 0.000367 seconds.
  path: Assets/FPS/Art/Textures/VFX/Symbol_Anger01.tga
  artifactKey: Guid(9de0756cf40eac344ba13f10ceadcffe) Importer(815301076,1909f56bfc062723c751e8b465ee728b)
Start importing Assets/FPS/Art/Textures/VFX/Symbol_Anger01.tga using Guid(9de0756cf40eac344ba13f10ceadcffe) Importer(815301076,1909f56bfc062723c751e8b465ee728b)  -> (artifact id: '197e4c69420a25e9b170706edba5c624') in 0.242292 seconds 
  Import took 0.275068 seconds .

========================================================================
Received Import Request.
  Time since last request: 0.000289 seconds.
  path: Assets/StarterAssets/Mobile/UI/UI_Circle_Faded.png
  artifactKey: Guid(90ded0611e490aa4ba6961afbfc2280d) Importer(815301076,1909f56bfc062723c751e8b465ee728b)
Start importing Assets/StarterAssets/Mobile/UI/UI_Circle_Faded.png using Guid(90ded0611e490aa4ba6961afbfc2280d) Importer(815301076,1909f56bfc062723c751e8b465ee728b)  -> (artifact id: '2048528954d6735deccf2a2dc9d6a92e') in 0.299272 seconds 
  Import took 0.397918 seconds .

========================================================================
Received Import Request.
  Time since last request: 0.000403 seconds.
  path: Assets/rpg-tutorial-assets/Sprites/Panel.png
  artifactKey: Guid(a343aa83bd6cdf84fb999b924e94afba) Importer(815301076,1909f56bfc062723c751e8b465ee728b)
Start importing Assets/rpg-tutorial-assets/Sprites/Panel.png using Guid(a343aa83bd6cdf84fb999b924e94afba) Importer(815301076,1909f56bfc062723c751e8b465ee728b)  -> (artifact id: 'c04609c5c29b99af555f11ad2149ca45') in 0.014184 seconds 
  Import took 0.162258 seconds .

========================================================================
Received Import Request.
  Time since last request: 0.000508 seconds.
  path: Assets/FPS/Art/Textures/UI/ControlScheme_PopUp.png
  artifactKey: Guid(d873f089db0e2f54884c58e49b0a1ede) Importer(815301076,1909f56bfc062723c751e8b465ee728b)
Start importing Assets/FPS/Art/Textures/UI/ControlScheme_PopUp.png using Guid(d873f089db0e2f54884c58e49b0a1ede) Importer(815301076,1909f56bfc062723c751e8b465ee728b)  -> (artifact id: 'a4de670cc688d684cccca288e99a800d') in 0.140666 seconds 
  Import took 0.168258 seconds .

========================================================================
Received Import Request.
  Time since last request: 0.000318 seconds.
  path: Assets/MaterialAndSprites/Square.png
  artifactKey: Guid(78afd22e93ec5ea4e89561db0e567af5) Importer(815301076,1909f56bfc062723c751e8b465ee728b)
Start importing Assets/MaterialAndSprites/Square.png using Guid(78afd22e93ec5ea4e89561db0e567af5) Importer(815301076,1909f56bfc062723c751e8b465ee728b)  -> (artifact id: '6a506a5658878f7f128e442e31be3e28') in 0.061023 seconds 
  Import took 0.113412 seconds .

========================================================================
Received Import Request.
  Time since last request: 0.000316 seconds.
  path: Assets/FPS/Art/Textures/UI/Crosshair_Drop.png
  artifactKey: Guid(14aa1febcf423c84997aa10d7ff64d17) Importer(815301076,1909f56bfc062723c751e8b465ee728b)
Start importing Assets/FPS/Art/Textures/UI/Crosshair_Drop.png using Guid(14aa1febcf423c84997aa10d7ff64d17) Importer(815301076,1909f56bfc062723c751e8b465ee728b)  -> (artifact id: '783f69629d0a15ad7f7e7ebb744e9c64') in 0.041364 seconds 
  Import took 0.105925 seconds .

========================================================================
Received Import Request.
  Time since last request: 0.000466 seconds.
  path: Assets/StarterAssets/Mobile/UI/UI_Icon_Sprint.png
  artifactKey: Guid(b0fa70abd2a79904cb00b175dfd8ec7e) Importer(815301076,1909f56bfc062723c751e8b465ee728b)
Start importing Assets/StarterAssets/Mobile/UI/UI_Icon_Sprint.png using Guid(b0fa70abd2a79904cb00b175dfd8ec7e) Importer(815301076,1909f56bfc062723c751e8b465ee728b)  -> (artifact id: '2a116aa8bcb7f6b2cbdcb827d785463f') in 0.102409 seconds 
  Import took 0.178712 seconds .

========================================================================
Received Import Request.
  Time since last request: 0.000337 seconds.
  path: Assets/Photon/PhotonUnityNetworking/Icons/PunIconApp128.png
  artifactKey: Guid(f00feafcf0675cd47a48f83ae42b06d4) Importer(815301076,1909f56bfc062723c751e8b465ee728b)
Start importing Assets/Photon/PhotonUnityNetworking/Icons/PunIconApp128.png using Guid(f00feafcf0675cd47a48f83ae42b06d4) Importer(815301076,1909f56bfc062723c751e8b465ee728b)  -> (artifact id: '2d7d51c25c126dade3e5742c75167360') in 0.028133 seconds 
  Import took 0.066309 seconds .

========================================================================
Received Import Request.
  Time since last request: 0.000304 seconds.
  path: Assets/ModAssets/Textures/billboard_2D_basic_mask.png
  artifactKey: Guid(ddff50e8139db4a99976adb5f40c79f0) Importer(815301076,1909f56bfc062723c751e8b465ee728b)
Start importing Assets/ModAssets/Textures/billboard_2D_basic_mask.png using Guid(ddff50e8139db4a99976adb5f40c79f0) Importer(815301076,1909f56bfc062723c751e8b465ee728b)  -> (artifact id: 'd6727728617a5a702edd797cb4d6155a') in 0.088967 seconds 
  Import took 0.159006 seconds .

========================================================================
Received Import Request.
  Time since last request: 0.000392 seconds.
  path: Assets/FPS/Art/Textures/UI/TEX_Black_16x16.png
  artifactKey: Guid(3e7d439637d58744ba13be1b4b74413b) Importer(815301076,1909f56bfc062723c751e8b465ee728b)
Start importing Assets/FPS/Art/Textures/UI/TEX_Black_16x16.png using Guid(3e7d439637d58744ba13be1b4b74413b) Importer(815301076,1909f56bfc062723c751e8b465ee728b)  -> (artifact id: '2b421b537684397f92e262961465f3bb') in 0.033939 seconds 
  Import took 0.108332 seconds .

========================================================================
Received Import Request.
  Time since last request: 0.000373 seconds.
  path: Assets/FPS/Art/Textures/UI/Radar_Enemy_IconBg.png
  artifactKey: Guid(65c7da85c6d645744b9081be5782b153) Importer(815301076,1909f56bfc062723c751e8b465ee728b)
Start importing Assets/FPS/Art/Textures/UI/Radar_Enemy_IconBg.png using Guid(65c7da85c6d645744b9081be5782b153) Importer(815301076,1909f56bfc062723c751e8b465ee728b)  -> (artifact id: '4f77f589f80173b9586e69b3ed285576') in 0.044348 seconds 
  Import took 0.141649 seconds .

========================================================================
Received Import Request.
  Time since last request: 0.000296 seconds.
  path: Assets/FPS/Art/Textures/UI/Gradiants.png
  artifactKey: Guid(69a090905eb8e8540b8a413214c097fb) Importer(815301076,1909f56bfc062723c751e8b465ee728b)
Start importing Assets/FPS/Art/Textures/UI/Gradiants.png using Guid(69a090905eb8e8540b8a413214c097fb) Importer(815301076,1909f56bfc062723c751e8b465ee728b)  -> (artifact id: 'b8a6fa2243132b1da817d04728361116') in 0.015564 seconds 
  Import took 0.125358 seconds .

========================================================================
Received Import Request.
  Time since last request: 0.000300 seconds.
  path: Assets/Photon/PhotonUnityNetworking/Demos/DemoHub/Sprites/OutlinedSquaredBox.png
  artifactKey: Guid(c222cd02c447941edb09ecb6433229ce) Importer(815301076,1909f56bfc062723c751e8b465ee728b)
Start importing Assets/Photon/PhotonUnityNetworking/Demos/DemoHub/Sprites/OutlinedSquaredBox.png using Guid(c222cd02c447941edb09ecb6433229ce) Importer(815301076,1909f56bfc062723c751e8b465ee728b)  -> (artifact id: 'b8e95920bb2a3854ade6b4a62aee83db') in 0.089066 seconds 
  Import took 0.097901 seconds .

========================================================================
Received Import Request.
  Time since last request: 0.000281 seconds.
  path: Assets/EffectExamples/Shared/Textures/DustPuffSmallParticleSheet.png
  artifactKey: Guid(1c1f5fdffb8c5a944a978e8debb8fdfe) Importer(815301076,1909f56bfc062723c751e8b465ee728b)
Start importing Assets/EffectExamples/Shared/Textures/DustPuffSmallParticleSheet.png using Guid(1c1f5fdffb8c5a944a978e8debb8fdfe) Importer(815301076,1909f56bfc062723c751e8b465ee728b)  -> (artifact id: '987f26ddca308d426fcb347049fb3091') in 0.079138 seconds 
  Import took 0.126104 seconds .

========================================================================
Received Import Request.
  Time since last request: 0.000494 seconds.
  path: Assets/FPS/Tutorials/DialogHeader_FPS.png
  artifactKey: Guid(6e279173c7e6446bfbf2744726e35598) Importer(815301076,1909f56bfc062723c751e8b465ee728b)
Start importing Assets/FPS/Tutorials/DialogHeader_FPS.png using Guid(6e279173c7e6446bfbf2744726e35598) Importer(815301076,1909f56bfc062723c751e8b465ee728b)  -> (artifact id: '6a975b82bd652ef2e354f5957178ebdb') in 0.094673 seconds 
  Import took 0.102485 seconds .

========================================================================
Received Import Request.
  Time since last request: 0.000305 seconds.
  path: Assets/rpg-tutorial-assets/Sprites/Placeholder02.png
  artifactKey: Guid(a174a80e54e95fd4ba7698b87bc67dc0) Importer(815301076,1909f56bfc062723c751e8b465ee728b)
Start importing Assets/rpg-tutorial-assets/Sprites/Placeholder02.png using Guid(a174a80e54e95fd4ba7698b87bc67dc0) Importer(815301076,1909f56bfc062723c751e8b465ee728b)  -> (artifact id: '18aad99234d2a8cbdce1faa46cc3852b') in 0.012534 seconds 
  Import took 0.021333 seconds .

========================================================================
Received Import Request.
  Time since last request: 0.000362 seconds.
  path: Assets/rpg-tutorial-assets/Sprites/Icon.png
  artifactKey: Guid(9651d73b839a79c4ca0d3e52792dab4f) Importer(815301076,1909f56bfc062723c751e8b465ee728b)
Start importing Assets/rpg-tutorial-assets/Sprites/Icon.png using Guid(9651d73b839a79c4ca0d3e52792dab4f) Importer(815301076,1909f56bfc062723c751e8b465ee728b)  -> (artifact id: '9fb7a50212641988d1c7a22e0d1bc85b') in 0.056280 seconds 
  Import took 0.200558 seconds .

========================================================================
Received Import Request.
  Time since last request: 0.000299 seconds.
  path: Assets/FPS/Art/Textures/UI/Notification_MainObj_Icon.png
  artifactKey: Guid(65fd26883529a5f4db44ea16cf925e82) Importer(815301076,1909f56bfc062723c751e8b465ee728b)
Start importing Assets/FPS/Art/Textures/UI/Notification_MainObj_Icon.png using Guid(65fd26883529a5f4db44ea16cf925e82) Importer(815301076,1909f56bfc062723c751e8b465ee728b)  -> (artifact id: '5e17d55d3c68307b47e7df3b15cde6a6') in 0.067544 seconds 
  Import took 0.076405 seconds .

========================================================================
Received Import Request.
  Time since last request: 0.000281 seconds.
  path: Assets/ModAssets/Textures/billboard_2D_wide_mask.png
  artifactKey: Guid(d88311d2ea92740ed9e0274f02825ccf) Importer(815301076,1909f56bfc062723c751e8b465ee728b)
Start importing Assets/ModAssets/Textures/billboard_2D_wide_mask.png using Guid(d88311d2ea92740ed9e0274f02825ccf) Importer(815301076,1909f56bfc062723c751e8b465ee728b)  -> (artifact id: 'a1be37e9a0823894e83d9e480b3e96d1') in 0.068022 seconds 
  Import took 0.075477 seconds .

========================================================================
Received Import Request.
  Time since last request: 0.000294 seconds.
  path: Assets/Combat Knifes/knife2c_Metal.tif
  artifactKey: Guid(a2fee78793d44c047a27be63be542ba9) Importer(815301076,1909f56bfc062723c751e8b465ee728b)
Start importing Assets/Combat Knifes/knife2c_Metal.tif using Guid(a2fee78793d44c047a27be63be542ba9) Importer(815301076,1909f56bfc062723c751e8b465ee728b)  -> (artifact id: 'a9ddcb270853d755a1e1f9943031cdd5') in 0.008757 seconds 
  Import took 0.111363 seconds .

========================================================================
Received Import Request.
  Time since last request: 0.000297 seconds.
  path: Assets/rpg-tutorial-assets/Sprites
  artifactKey: Guid(421b577eebd9c2d46b95b06327fc3ca3) Importer(815301076,1909f56bfc062723c751e8b465ee728b)
Start importing Assets/rpg-tutorial-assets/Sprites using Guid(421b577eebd9c2d46b95b06327fc3ca3) Importer(815301076,1909f56bfc062723c751e8b465ee728b)  -> (artifact id: 'bbd4976fb8985ddd5ed9fb9ab4b0864c') in 0.002271 seconds 
  Import took 0.140860 seconds .

========================================================================
Received Import Request.
  Time since last request: 0.000338 seconds.
  path: Assets/Combat Knifes/knife2c_Normal.tif
  artifactKey: Guid(15597d97dfa7e714b849d8fcbe6d0ac0) Importer(815301076,1909f56bfc062723c751e8b465ee728b)
Start importing Assets/Combat Knifes/knife2c_Normal.tif using Guid(15597d97dfa7e714b849d8fcbe6d0ac0) Importer(815301076,1909f56bfc062723c751e8b465ee728b)  -> (artifact id: '9bf1ac7da89b462c6dd8c282ed42132c') in 0.012245 seconds 
  Import took 0.067542 seconds .

========================================================================
Received Import Request.
  Time since last request: 0.000551 seconds.
  path: Assets/MaterialAndSprites/Capsule.png
  artifactKey: Guid(6e8fa5ab6f29d6c45aaa415310f5b983) Importer(815301076,1909f56bfc062723c751e8b465ee728b)
Start importing Assets/MaterialAndSprites/Capsule.png using Guid(6e8fa5ab6f29d6c45aaa415310f5b983) Importer(815301076,1909f56bfc062723c751e8b465ee728b)  -> (artifact id: 'eff26c49fc439640ea9d84228881e137') in 0.135118 seconds 
  Import took 0.225044 seconds .

========================================================================
Received Import Request.
  Time since last request: 0.000396 seconds.
  path: Assets/FPS/Art/Textures/UI/HUD_LifeBar_Icon.png
  artifactKey: Guid(42026ddb8af9ab4469471032859446cb) Importer(815301076,1909f56bfc062723c751e8b465ee728b)
Start importing Assets/FPS/Art/Textures/UI/HUD_LifeBar_Icon.png using Guid(42026ddb8af9ab4469471032859446cb) Importer(815301076,1909f56bfc062723c751e8b465ee728b)  -> (artifact id: '9d3059512276b2a998ef84d5419ef4c7') in 0.114501 seconds 
  Import took 0.238860 seconds .

========================================================================
Received Import Request.
  Time since last request: 0.000529 seconds.
  path: Assets/FPS/Art/Textures/UI/HUD_Key_Bg.png
  artifactKey: Guid(81c448d84d41b244a91a738f53252f9b) Importer(815301076,1909f56bfc062723c751e8b465ee728b)
Start importing Assets/FPS/Art/Textures/UI/HUD_Key_Bg.png using Guid(81c448d84d41b244a91a738f53252f9b) Importer(815301076,1909f56bfc062723c751e8b465ee728b)  -> (artifact id: 'bbf7997046978d4e31ce38394e445ddf') in 0.046890 seconds 
  Import took 0.054318 seconds .

========================================================================
Received Import Request.
  Time since last request: 0.000331 seconds.
  path: Assets/FPS/Art/Textures/UI/Crosshair_Blaster_Side.png
  artifactKey: Guid(e87f35a57d7a270469ddf9121f29d506) Importer(815301076,1909f56bfc062723c751e8b465ee728b)
Start importing Assets/FPS/Art/Textures/UI/Crosshair_Blaster_Side.png using Guid(e87f35a57d7a270469ddf9121f29d506) Importer(815301076,1909f56bfc062723c751e8b465ee728b)  -> (artifact id: '2037ab3fa3b66756673b9511823b5587') in 0.062220 seconds 
  Import took 0.069979 seconds .

========================================================================
Received Import Request.
  Time since last request: 0.000294 seconds.
  path: Assets/StarterAssets/Mobile/UI/UI_Icon_Jump.png
  artifactKey: Guid(751aa1b6637101946b2fdbb7aa27d6ad) Importer(815301076,1909f56bfc062723c751e8b465ee728b)
Start importing Assets/StarterAssets/Mobile/UI/UI_Icon_Jump.png using Guid(751aa1b6637101946b2fdbb7aa27d6ad) Importer(815301076,1909f56bfc062723c751e8b465ee728b)  -> (artifact id: '5920f4c845aba31808743f1eb3195266') in 0.241093 seconds 
  Import took 0.314292 seconds .

========================================================================
Received Import Request.
  Time since last request: 0.000491 seconds.
  path: Assets/FPS/Art/Textures/UI/Transparent_Center.png
  artifactKey: Guid(61e9c8b64d003e047ab7cfc7f5d74555) Importer(815301076,1909f56bfc062723c751e8b465ee728b)
Start importing Assets/FPS/Art/Textures/UI/Transparent_Center.png using Guid(61e9c8b64d003e047ab7cfc7f5d74555) Importer(815301076,1909f56bfc062723c751e8b465ee728b)  -> (artifact id: '00313101e4aa566a215dd0190f4d848e') in 0.014656 seconds 
  Import took 0.073936 seconds .

========================================================================
Received Import Request.
  Time since last request: 0.000455 seconds.
  path: Assets/StarterAssets/Mobile/UI/UI_Icon_Move.png
  artifactKey: Guid(ff7bfa7addf40784d86f62b8e4a034a6) Importer(815301076,1909f56bfc062723c751e8b465ee728b)
Start importing Assets/StarterAssets/Mobile/UI/UI_Icon_Move.png using Guid(ff7bfa7addf40784d86f62b8e4a034a6) Importer(815301076,1909f56bfc062723c751e8b465ee728b)  -> (artifact id: '4beb496c03a6eecbb44b8d0e34fddb9b') in 0.192727 seconds 
  Import took 0.236474 seconds .

========================================================================
Received Import Request.
  Time since last request: 0.000338 seconds.
  path: Assets/FPS/Art/Textures/UI/TEX_White_16x16.png
  artifactKey: Guid(d194854d61472d744b8684ceab84264a) Importer(815301076,1909f56bfc062723c751e8b465ee728b)
Start importing Assets/FPS/Art/Textures/UI/TEX_White_16x16.png using Guid(d194854d61472d744b8684ceab84264a) Importer(815301076,1909f56bfc062723c751e8b465ee728b)  -> (artifact id: 'd6d5bc97d3761082fac92cb074b1395f') in 0.016343 seconds 
  Import took 0.116522 seconds .

========================================================================
Received Import Request.
  Time since last request: 0.000350 seconds.
  path: Assets/Photon/PhotonUnityNetworking/Demos/Shared Assets/Skin/DropDown Arrow.png
  artifactKey: Guid(936345f7fc3934efa8119a8700d904c7) Importer(815301076,1909f56bfc062723c751e8b465ee728b)
Start importing Assets/Photon/PhotonUnityNetworking/Demos/Shared Assets/Skin/DropDown Arrow.png using Guid(936345f7fc3934efa8119a8700d904c7) Importer(815301076,1909f56bfc062723c751e8b465ee728b)  -> (artifact id: 'dd09c6a4c801595bf68839a29b4b3130') in 0.019191 seconds 
  Import took 0.129846 seconds .

